<?xml version="1.0" encoding="UTF-8"?>
<!-- Generated by org.testng.reporters.JUnitReportReporter -->
<testsuite hostname="SUBHADEEP" failures="0" tests="1" name="testNg.Test1" time="7.346" errors="0" timestamp="2022-08-09T08:32:07 IST" skipped="0">
  <testcase classname="testNg.Test1" name="testcase1" time="7.346"/>
  <system-out/>
</testsuite> <!-- testNg.Test1 -->
