<?xml version="1.0" encoding="UTF-8"?>
<!-- Generated by org.testng.reporters.JUnitReportReporter -->
<testsuite hostname="SUBHADEEP" failures="0" tests="1" name="testNg.Demo" time="0.019" errors="0" timestamp="2022-08-09T09:29:27 IST" skipped="0">
  <testcase classname="testNg.Demo" name="deleteCustomer" time="0.019"/>
  <system-out>
deleteCustomer  </system-out>
</testsuite> <!-- testNg.Demo -->
