<?xml version="1.0" encoding="UTF-8"?>
<!-- Generated by org.testng.reporters.JUnitReportReporter -->
<testsuite hostname="SUBHADEEP" failures="0" tests="1" name="testNg.Test0" time="14.719" errors="0" timestamp="2022-08-09T08:32:07 IST" skipped="0">
  <testcase classname="testNg.Test0" name="testcase" time="14.719"/>
  <system-out/>
</testsuite> <!-- testNg.Test0 -->
