<?xml version="1.0" encoding="UTF-8"?>
<!-- Generated by org.testng.reporters.JUnitReportReporter -->
<testsuite hostname="SUBHADEEP" failures="0" tests="1" name="actions.Senario0" time="15.620" errors="0" timestamp="2022-08-04T08:56:07 IST" skipped="0">
  <testcase classname="actions.Senario0" name="sc0" time="15.620"/>
  <system-out/>
</testsuite> <!-- actions.Senario0 -->
