<?xml version="1.0" encoding="UTF-8"?>
<!-- Generated by org.testng.reporters.JUnitReportReporter -->
<testsuite hostname="SUBHADEEP" failures="0" tests="1" name="scripts.Test0" time="0.016" errors="0" timestamp="2022-07-30T21:26:47 IST" skipped="0">
  <testcase classname="scripts.Test0" name="tc1" time="0.016"/>
  <system-out>
Hello World  </system-out>
</testsuite> <!-- scripts.Test0 -->
