<?xml version="1.0" encoding="UTF-8"?>
<!-- Generated by org.testng.reporters.JUnitReportReporter -->
<testsuite hostname="SUBHADEEP" failures="0" tests="1" name="dataDriven.JdbcFile" time="11.589" errors="0" timestamp="2022-08-08T10:38:09 IST" skipped="0">
  <testcase classname="dataDriven.JdbcFile" name="test" time="11.589"/>
  <system-out/>
</testsuite> <!-- dataDriven.JdbcFile -->
