<?xml version="1.0" encoding="UTF-8"?>
<!-- Generated by org.testng.reporters.JUnitReportReporter -->
<testsuite hostname="SUBHADEEP" failures="0" tests="1" name="testNg.TestListen" time="10.560" errors="0" timestamp="2022-08-10T08:58:53 IST" skipped="0">
  <testcase classname="testNg.TestListen" name="Listening" time="10.560"/>
  <system-out>
on Test Starts on Test success  </system-out>
</testsuite> <!-- testNg.TestListen -->
