<?xml version="1.0" encoding="UTF-8"?>
<!-- Generated by org.testng.reporters.JUnitReportReporter -->
<testsuite hostname="SUBHADEEP" failures="0" tests="1" name="chromeOptions.Test1" time="11.001" errors="0" timestamp="2022-08-04T07:41:30 IST" skipped="0">
  <testcase classname="chromeOptions.Test1" name="demo" time="11.001"/>
  <system-out/>
</testsuite> <!-- chromeOptions.Test1 -->
