<?xml version="1.0" encoding="UTF-8"?>
<!-- Generated by org.testng.reporters.JUnitReportReporter -->
<testsuite hostname="SUBHADEEP" failures="0" tests="1" name="synchronization.Test1" time="18.863" errors="0" timestamp="2022-08-01T08:29:01 IST" skipped="0">
  <testcase classname="synchronization.Test1" name="demo" time="18.863"/>
  <system-out/>
</testsuite> <!-- synchronization.Test1 -->
