<?xml version="1.0" encoding="UTF-8"?>
<!-- Generated by org.testng.reporters.JUnitReportReporter -->
<testsuite hostname="SUBHADEEP" failures="0" tests="1" name="dataDriven.XMLFile" time="8.070" errors="0" timestamp="2022-08-08T08:40:22 IST" skipped="0">
  <testcase classname="dataDriven.XMLFile" name="test" time="8.070"/>
  <system-out/>
</testsuite> <!-- dataDriven.XMLFile -->
