<?xml version="1.0" encoding="UTF-8"?>
<!-- Generated by org.testng.reporters.JUnitReportReporter -->
<testsuite hostname="SUBHADEEP" failures="0" tests="1" name="synchronization.Test0" time="33.085" errors="0" timestamp="2022-08-01T08:09:41 IST" skipped="0">
  <testcase classname="synchronization.Test0" name="demo" time="33.085"/>
  <system-out/>
</testsuite> <!-- synchronization.Test0 -->
