<?xml version="1.0" encoding="UTF-8"?>
<!-- Generated by org.testng.reporters.JUnitReportReporter -->
<testsuite hostname="SUBHADEEP" failures="0" tests="3" name="testNg.Sample" time="27.804" errors="0" timestamp="2022-08-10T08:11:19 IST" skipped="0">
  <testcase classname="testNg.Sample" name="tc1" time="15.421"/>
  <system-out/>
  <testcase classname="testNg.Sample" name="tc1" time="6.286"/>
  <system-out/>
  <testcase classname="testNg.Sample" name="tc1" time="6.097"/>
  <system-out/>
</testsuite> <!-- testNg.Sample -->
